<?xml version="1.0" encoding="UTF-8"?>
<testsuite xmlns:xsi="http://www.w3.org/2001/XMLSchema-instance" xsi:noNamespaceSchemaLocation="https://maven.apache.org/surefire/maven-surefire-plugin/xsd/surefire-test-report-3.0.xsd" version="3.0" name="com.juriscontrol.demo.DemoApplicationTests" time="21.711" tests="1" errors="0" skipped="0" failures="0">
  <properties>
[...]
</properties>
  <testcase name="contextLoads" classname="com.juriscontrol.demo.DemoApplicationTests" time="0.452">
    <system-out><![CDATA[10:03:00.737 [main] INFO org.springframework.test.context.support.AnnotationConfigContextLoaderUtils -- Could not detect default configuration classes for test class [com.juriscontrol.demo.DemoApplicationTests]: DemoApplicationTests does not declare any static, non-private, non-final, nested classes annotated with @Configuration.
10:03:00.903 [main] INFO org.springframework.boot.test.context.SpringBootTestContextBootstrapper -- Found @SpringBootConfiguration com.juriscontrol.demo.DemoApplication for test class com.juriscontrol.demo.DemoApplicationTests
10:03:01.156 [main] INFO org.springframework.boot.devtools.restart.RestartApplicationListener -- Restart disabled due to context in which it is running

  .   ____          _            __ _ _
 /\\ / ___'_ __ _ _(_)_ __  __ _ \ \ \ \
( ( )\___ | '_ | '_| | '_ \/ _` | \ \ \ \
 \\/  ___)| |_)| | | | | || (_| |  ) ) ) )
  '  |____| .__|_| |_|_| |_\__, | / / / /
 =========|_|==============|___/=/_/_/_/

 :: Spring Boot ::                (v3.3.5)

2025-06-02T10:03:01.483-03:00  INFO 17128 --- [demo] [           main] c.j.demo.DemoApplicationTests            : Starting DemoApplicationTests using Java 21.0.4 with PID 17128 (started by Lenovo in C:\Users\Lenovo\Desktop\Projetos Facul\2025.1\JurisBack\BackendJurisControl)
2025-06-02T10:03:01.486-03:00  INFO 17128 --- [demo] [           main] c.j.demo.DemoApplicationTests            : No active profile set, falling back to 1 default profile: "default"
2025-06-02T10:03:02.711-03:00  INFO 17128 --- [demo] [           main] .s.d.r.c.RepositoryConfigurationDelegate : Bootstrapping Spring Data JPA repositories in DEFAULT mode.
2025-06-02T10:03:02.791-03:00  INFO 17128 --- [demo] [           main] .s.d.r.c.RepositoryConfigurationDelegate : Finished Spring Data repository scanning in 75 ms. Found 6 JPA repository interfaces.
2025-06-02T10:03:03.760-03:00  INFO 17128 --- [demo] [           main] com.zaxxer.hikari.HikariDataSource       : HikariPool-1 - Starting...
2025-06-02T10:03:07.099-03:00  INFO 17128 --- [demo] [           main] com.zaxxer.hikari.pool.HikariPool        : HikariPool-1 - Added connection org.postgresql.jdbc.PgConnection@7be38eba
2025-06-02T10:03:07.100-03:00  INFO 17128 --- [demo] [           main] com.zaxxer.hikari.HikariDataSource       : HikariPool-1 - Start completed.
2025-06-02T10:03:07.335-03:00  INFO 17128 --- [demo] [           main] org.flywaydb.core.FlywayExecutor         : Database: jdbc:postgresql://ep-plain-queen-a4nm0ael-pooler.us-east-1.aws.neon.tech/juriscontrol-db (PostgreSQL 17.5)
2025-06-02T10:03:08.320-03:00  WARN 17128 --- [demo] [           main] o.f.c.internal.database.base.Database    : Flyway upgrade recommended: PostgreSQL 17.5 is newer than this version of Flyway and support has not been tested. The latest supported version of PostgreSQL is 16.
2025-06-02T10:03:09.095-03:00  INFO 17128 --- [demo] [           main] o.f.core.internal.command.DbValidate     : Successfully validated 0 migrations (execution time 00:00.623s)
2025-06-02T10:03:09.095-03:00  WARN 17128 --- [demo] [           main] o.f.core.internal.command.DbValidate     : No migrations found. Are your locations set up correctly?
2025-06-02T10:03:10.792-03:00  INFO 17128 --- [demo] [           main] o.f.core.internal.command.DbMigrate      : Current version of schema "public": << Empty Schema >>
2025-06-02T10:03:10.978-03:00  INFO 17128 --- [demo] [           main] o.f.core.internal.command.DbMigrate      : Schema "public" is up to date. No migration necessary.
2025-06-02T10:03:12.419-03:00  INFO 17128 --- [demo] [           main] o.hibernate.jpa.internal.util.LogHelper  : HHH000204: Processing PersistenceUnitInfo [name: default]
2025-06-02T10:03:12.566-03:00  INFO 17128 --- [demo] [           main] org.hibernate.Version                    : HHH000412: Hibernate ORM core version 6.5.3.Final
2025-06-02T10:03:12.645-03:00  INFO 17128 --- [demo] [           main] o.h.c.internal.RegionFactoryInitiator    : HHH000026: Second-level cache disabled
2025-06-02T10:03:13.031-03:00  INFO 17128 --- [demo] [           main] o.s.o.j.p.SpringPersistenceUnitInfo      : No LoadTimeWeaver setup: ignoring JPA class transformer
2025-06-02T10:03:13.443-03:00  WARN 17128 --- [demo] [           main] org.hibernate.orm.deprecation            : HHH90000025: PostgreSQLDialect does not need to be specified explicitly using 'hibernate.dialect' (remove the property setting and it will be selected by default)
2025-06-02T10:03:15.129-03:00  INFO 17128 --- [demo] [           main] o.h.e.t.j.p.i.JtaPlatformInitiator       : HHH000489: No JTA platform available (set 'hibernate.transaction.jta.platform' to enable JTA platform integration)
2025-06-02T10:03:18.868-03:00  INFO 17128 --- [demo] [           main] j.LocalContainerEntityManagerFactoryBean : Initialized JPA EntityManagerFactory for persistence unit 'default'
2025-06-02T10:03:19.564-03:00  INFO 17128 --- [demo] [           main] o.s.d.j.r.query.QueryEnhancerFactory     : Hibernate is in classpath; If applicable, HQL parser will be used.
2025-06-02T10:03:20.575-03:00  WARN 17128 --- [demo] [           main] JpaBaseConfiguration$JpaWebConfiguration : spring.jpa.open-in-view is enabled by default. Therefore, database queries may be performed during view rendering. Explicitly configure spring.jpa.open-in-view to disable this warning
2025-06-02T10:03:21.722-03:00  INFO 17128 --- [demo] [           main] c.j.demo.DemoApplicationTests            : Started DemoApplicationTests in 20.587 seconds (process running for 22.091)
]]></system-out>
    <system-err><![CDATA[WARNING: A Java agent has been loaded dynamically (C:\Users\Lenovo\.m2\repository\net\bytebuddy\byte-buddy-agent\1.14.19\byte-buddy-agent-1.14.19.jar)
WARNING: If a serviceability tool is in use, please run with -XX:+EnableDynamicAgentLoading to hide this warning
WARNING: If a serviceability tool is not in use, please run with -Djdk.instrument.traceUsage for more information
WARNING: Dynamic loading of agents will be disallowed by default in a future release
]]></system-err>
  </testcase>
</testsuite>